This is pdfTeX, Version 3.14159265-2.6-1.40.17 (TeX Live 2016/Debian) (preloaded format=pdflatex 2016.9.7)  19 OCT 2016 10:58
entering extended mode
 restricted \write18 enabled.
 %&-line parsing enabled.
**reponses.tex
(./reponses.tex
LaTeX2e <2016/03/31> patch level 3
Babel <3.9r> and hyphenation patterns for 9 language(s) loaded.
! Undefined control sequence.
l.1 \chapter
            *{Author's Response \\ to the Reviewers' Comments}
? X
 
Here is how much of TeX's memory you used:
 5 strings out of 494866
 138 string characters out of 6178449
 46080 words of memory out of 5000000
 3421 multiletter control sequences out of 15000+600000
 3640 words of font info for 14 fonts, out of 8000000 for 9000
 36 hyphenation exceptions out of 8191
 5i,0n,1p,75b,8s stack positions out of 5000i,500n,10000p,200000b,80000s
No pages of output.
PDF statistics:
 0 PDF objects out of 1000 (max. 8388607)
 0 named destinations out of 1000 (max. 500000)
 1 words of extra memory for PDF output out of 10000 (max. 10000000)

